This file contains any messages produced by compilers while
running configure, to aid debugging if configure makes a mistake.

It was created by graphpass configure 0.0.1, which was
generated by GNU Autoconf 2.69.  Invocation command line was

  $ ./configure 

## --------- ##
## Platform. ##
## --------- ##

hostname = Ryans-MacBook-Pro-5.local
uname -m = x86_64
uname -r = 15.6.0
uname -s = Darwin
uname -v = Darwin Kernel Version 15.6.0: Tue Jan  9 20:12:05 PST 2018; root:xnu-3248.73.5~1/RELEASE_X86_64

/usr/bin/uname -p = i386
/bin/uname -X     = unknown

/bin/arch              = unknown
/usr/bin/arch -k       = unknown
/usr/convex/getsysinfo = unknown
/usr/bin/hostinfo      = Mach kernel version:
	 Darwin Kernel Version 15.6.0: Tue Jan  9 20:12:05 PST 2018; root:xnu-3248.73.5~1/RELEASE_X86_64
Kernel configured for up to 4 processors.
2 processors are physically available.
4 processors are logically available.
Processor type: i486 (Intel 80486)
Processors active: 0 1 2 3
Primary memory available: 8.00 gigabytes
Default processor set: 349 tasks, 2329 threads, 4 processors
Load average: 3.09, Mach factor: 1.36
/bin/machine           = unknown
/usr/bin/oslevel       = unknown
/bin/universe          = unknown

PATH: /Users/ryandeschamps/.rbenv/shims
PATH: /Library/Frameworks/Python.framework/Versions/3.5/bin
PATH: /Users/ryandeschamps/anaconda/bin
PATH: /Library/Frameworks/Python.framework/Versions/2.7/bin
PATH: ~/aut/spark-1.6.1-bin-hadoop2.6/bin
PATH: ~/scala/bin
PATH: /Users/ryandeschamps/.npm-global/bin
PATH: /usr/local/bin
PATH: /usr/bin
PATH: /bin
PATH: /usr/sbin
PATH: /sbin
PATH: /usr/local/bin
PATH: /Users/ryandeschamps/scala/bin
PATH: /opt/X11/bin
PATH: /usr/local/MacGPG2/bin
PATH: /Library/TeX/texbin


## ----------- ##
## Core tests. ##
## ----------- ##

configure:2248: checking for gcc
configure:2264: found /usr/bin/gcc
configure:2275: result: gcc
configure:2504: checking for C compiler version
configure:2513: gcc --version >&5
Apple LLVM version 8.0.0 (clang-800.0.42.1)
Target: x86_64-apple-darwin15.6.0
Thread model: posix
InstalledDir: /Applications/Xcode.app/Contents/Developer/Toolchains/XcodeDefault.xctoolchain/usr/bin
Configured with: --prefix=/Applications/Xcode.app/Contents/Developer/usr --with-gxx-include-dir=/usr/include/c++/4.2.1
configure:2524: $? = 0
configure:2513: gcc -v >&5
Configured with: --prefix=/Applications/Xcode.app/Contents/Developer/usr --with-gxx-include-dir=/usr/include/c++/4.2.1
Apple LLVM version 8.0.0 (clang-800.0.42.1)
Target: x86_64-apple-darwin15.6.0
Thread model: posix
InstalledDir: /Applications/Xcode.app/Contents/Developer/Toolchains/XcodeDefault.xctoolchain/usr/bin
configure:2524: $? = 0
configure:2513: gcc -V >&5
clang: error: argument to '-V' is missing (expected 1 value)
clang: error: no input files
configure:2524: $? = 1
configure:2513: gcc -qversion >&5
clang: error: unknown argument: '-qversion'
clang: error: no input files
configure:2524: $? = 1
configure:2544: checking whether the C compiler works
configure:2566: gcc    conftest.c  >&5
configure:2570: $? = 0
configure:2618: result: yes
configure:2621: checking for C compiler default output file name
configure:2623: result: a.out
configure:2629: checking for suffix of executables
configure:2636: gcc -o conftest    conftest.c  >&5
configure:2640: $? = 0
configure:2662: result: 
configure:2684: checking whether we are cross compiling
configure:2692: gcc -o conftest    conftest.c  >&5
configure:2696: $? = 0
configure:2703: ./conftest
configure:2707: $? = 0
configure:2722: result: no
configure:2727: checking for suffix of object files
configure:2749: gcc -c   conftest.c >&5
configure:2753: $? = 0
configure:2774: result: o
configure:2778: checking whether we are using the GNU C compiler
configure:2797: gcc -c   conftest.c >&5
configure:2797: $? = 0
configure:2806: result: yes
configure:2815: checking whether gcc accepts -g
configure:2835: gcc -c -g  conftest.c >&5
configure:2835: $? = 0
configure:2876: result: yes
configure:2893: checking for gcc option to accept ISO C89
configure:2956: gcc  -c -g -O2  conftest.c >&5
configure:2956: $? = 0
configure:2969: result: none needed
configure:3026: checking whether gcc understands -c and -o together
configure:3048: gcc -c conftest.c -o conftest2.o
configure:3051: $? = 0
configure:3048: gcc -c conftest.c -o conftest2.o
configure:3051: $? = 0
configure:3063: result: yes
configure:3084: checking for igraph_hub_score in -ligraph
configure:3109: gcc -o conftest -g -O2   conftest.c -ligraph   >&5
configure:3109: $? = 0
configure:3118: result: yes
configure:3130: checking for main in -lm
configure:3149: gcc -o conftest -g -O2   conftest.c -lm  -ligraph  >&5
configure:3149: $? = 0
configure:3158: result: yes
configure:3176: checking how to run the C preprocessor
configure:3207: gcc -E  conftest.c
configure:3207: $? = 0
configure:3221: gcc -E  conftest.c
conftest.c:11:10: fatal error: 'ac_nonexistent.h' file not found
#include <ac_nonexistent.h>
         ^
1 error generated.
configure:3221: $? = 1
configure: failed program was:
| /* confdefs.h */
| #define PACKAGE_NAME "graphpass"
| #define PACKAGE_TARNAME "graphpass"
| #define PACKAGE_VERSION "0.0.1"
| #define PACKAGE_STRING "graphpass 0.0.1"
| #define PACKAGE_BUGREPORT "ryan.deschamps@gmail.com"
| #define PACKAGE_URL ""
| #define HAVE_LIBIGRAPH 1
| #define HAVE_LIBM 1
| /* end confdefs.h.  */
| #include <ac_nonexistent.h>
configure:3246: result: gcc -E
configure:3266: gcc -E  conftest.c
configure:3266: $? = 0
configure:3280: gcc -E  conftest.c
conftest.c:11:10: fatal error: 'ac_nonexistent.h' file not found
#include <ac_nonexistent.h>
         ^
1 error generated.
configure:3280: $? = 1
configure: failed program was:
| /* confdefs.h */
| #define PACKAGE_NAME "graphpass"
| #define PACKAGE_TARNAME "graphpass"
| #define PACKAGE_VERSION "0.0.1"
| #define PACKAGE_STRING "graphpass 0.0.1"
| #define PACKAGE_BUGREPORT "ryan.deschamps@gmail.com"
| #define PACKAGE_URL ""
| #define HAVE_LIBIGRAPH 1
| #define HAVE_LIBM 1
| /* end confdefs.h.  */
| #include <ac_nonexistent.h>
configure:3309: checking for grep that handles long lines and -e
configure:3367: result: /usr/bin/grep
configure:3372: checking for egrep
configure:3434: result: /usr/bin/grep -E
configure:3439: checking for ANSI C header files
configure:3459: gcc -c -g -O2  conftest.c >&5
configure:3459: $? = 0
configure:3532: gcc -o conftest -g -O2   conftest.c -lm -ligraph  >&5
configure:3532: $? = 0
configure:3532: ./conftest
configure:3532: $? = 0
configure:3543: result: yes
configure:3556: checking for sys/types.h
configure:3556: gcc -c -g -O2  conftest.c >&5
configure:3556: $? = 0
configure:3556: result: yes
configure:3556: checking for sys/stat.h
configure:3556: gcc -c -g -O2  conftest.c >&5
configure:3556: $? = 0
configure:3556: result: yes
configure:3556: checking for stdlib.h
configure:3556: gcc -c -g -O2  conftest.c >&5
configure:3556: $? = 0
configure:3556: result: yes
configure:3556: checking for string.h
configure:3556: gcc -c -g -O2  conftest.c >&5
configure:3556: $? = 0
configure:3556: result: yes
configure:3556: checking for memory.h
configure:3556: gcc -c -g -O2  conftest.c >&5
configure:3556: $? = 0
configure:3556: result: yes
configure:3556: checking for strings.h
configure:3556: gcc -c -g -O2  conftest.c >&5
configure:3556: $? = 0
configure:3556: result: yes
configure:3556: checking for inttypes.h
configure:3556: gcc -c -g -O2  conftest.c >&5
configure:3556: $? = 0
configure:3556: result: yes
configure:3556: checking for stdint.h
configure:3556: gcc -c -g -O2  conftest.c >&5
configure:3556: $? = 0
configure:3556: result: yes
configure:3556: checking for unistd.h
configure:3556: gcc -c -g -O2  conftest.c >&5
configure:3556: $? = 0
configure:3556: result: yes
configure:3571: checking limits.h usability
configure:3571: gcc -c -g -O2  conftest.c >&5
configure:3571: $? = 0
configure:3571: result: yes
configure:3571: checking limits.h presence
configure:3571: gcc -E  conftest.c
configure:3571: $? = 0
configure:3571: result: yes
configure:3571: checking for limits.h
configure:3571: result: yes
configure:3571: checking stddef.h usability
configure:3571: gcc -c -g -O2  conftest.c >&5
configure:3571: $? = 0
configure:3571: result: yes
configure:3571: checking stddef.h presence
configure:3571: gcc -E  conftest.c
configure:3571: $? = 0
configure:3571: result: yes
configure:3571: checking for stddef.h
configure:3571: result: yes
configure:3571: checking for stdint.h
configure:3571: result: yes
configure:3571: checking for stdlib.h
configure:3571: result: yes
configure:3571: checking for string.h
configure:3571: result: yes
configure:3571: checking for unistd.h
configure:3571: result: yes
configure:3583: checking for stdbool.h that conforms to C99
configure:3650: gcc -c -g -O2  conftest.c >&5
conftest.c:76:24: warning: address of 's' will always evaluate to 'true' [-Wpointer-bool-conversion]
             bool e = &s;
                  ~    ^
conftest.c:80:23: warning: address of array 'a' will always evaluate to 'true' [-Wpointer-bool-conversion]
             return (!a + !b + !c + !d + !e + !f + !g + !h + !i + !!j + !k + !!l
                     ~^
conftest.c:80:28: warning: address of array 'b' will always evaluate to 'true' [-Wpointer-bool-conversion]
             return (!a + !b + !c + !d + !e + !f + !g + !h + !i + !!j + !k + !!l
                          ~^
conftest.c:80:33: warning: address of array 'c' will always evaluate to 'true' [-Wpointer-bool-conversion]
             return (!a + !b + !c + !d + !e + !f + !g + !h + !i + !!j + !k + !!l
                               ~^
conftest.c:80:38: warning: address of array 'd' will always evaluate to 'true' [-Wpointer-bool-conversion]
             return (!a + !b + !c + !d + !e + !f + !g + !h + !i + !!j + !k + !!l
                                    ~^
conftest.c:80:48: warning: address of array 'f' will always evaluate to 'true' [-Wpointer-bool-conversion]
             return (!a + !b + !c + !d + !e + !f + !g + !h + !i + !!j + !k + !!l
                                              ~^
conftest.c:80:53: warning: address of array 'g' will always evaluate to 'true' [-Wpointer-bool-conversion]
             return (!a + !b + !c + !d + !e + !f + !g + !h + !i + !!j + !k + !!l
                                                   ~^
conftest.c:80:58: warning: address of array 'h' will always evaluate to 'true' [-Wpointer-bool-conversion]
             return (!a + !b + !c + !d + !e + !f + !g + !h + !i + !!j + !k + !!l
                                                        ~^
conftest.c:80:63: warning: address of array 'i' will always evaluate to 'true' [-Wpointer-bool-conversion]
             return (!a + !b + !c + !d + !e + !f + !g + !h + !i + !!j + !k + !!l
                                                             ~^
conftest.c:81:30: warning: address of array 'n' will always evaluate to 'true' [-Wpointer-bool-conversion]
                            ~^
conftest.c:81:35: warning: address of array 'o' will always evaluate to 'true' [-Wpointer-bool-conversion]
                                 ~^
conftest.c:81:40: warning: address of array 'p' will always evaluate to 'true' [-Wpointer-bool-conversion]
                                      ~^
12 warnings generated.
configure:3650: $? = 0
configure:3657: result: yes
configure:3659: checking for _Bool
configure:3659: gcc -c -g -O2  conftest.c >&5
configure:3659: $? = 0
configure:3659: gcc -c -g -O2  conftest.c >&5
conftest.c:63:20: error: expected expression
if (sizeof ((_Bool)))
                   ^
1 error generated.
configure:3659: $? = 1
configure: failed program was:
| /* confdefs.h */
| #define PACKAGE_NAME "graphpass"
| #define PACKAGE_TARNAME "graphpass"
| #define PACKAGE_VERSION "0.0.1"
| #define PACKAGE_STRING "graphpass 0.0.1"
| #define PACKAGE_BUGREPORT "ryan.deschamps@gmail.com"
| #define PACKAGE_URL ""
| #define HAVE_LIBIGRAPH 1
| #define HAVE_LIBM 1
| #define STDC_HEADERS 1
| #define HAVE_SYS_TYPES_H 1
| #define HAVE_SYS_STAT_H 1
| #define HAVE_STDLIB_H 1
| #define HAVE_STRING_H 1
| #define HAVE_MEMORY_H 1
| #define HAVE_STRINGS_H 1
| #define HAVE_INTTYPES_H 1
| #define HAVE_STDINT_H 1
| #define HAVE_UNISTD_H 1
| #define HAVE_LIMITS_H 1
| #define HAVE_STDDEF_H 1
| #define HAVE_STDINT_H 1
| #define HAVE_STDLIB_H 1
| #define HAVE_STRING_H 1
| #define HAVE_UNISTD_H 1
| /* end confdefs.h.  */
| #include <stdio.h>
| #ifdef HAVE_SYS_TYPES_H
| # include <sys/types.h>
| #endif
| #ifdef HAVE_SYS_STAT_H
| # include <sys/stat.h>
| #endif
| #ifdef STDC_HEADERS
| # include <stdlib.h>
| # include <stddef.h>
| #else
| # ifdef HAVE_STDLIB_H
| #  include <stdlib.h>
| # endif
| #endif
| #ifdef HAVE_STRING_H
| # if !defined STDC_HEADERS && defined HAVE_MEMORY_H
| #  include <memory.h>
| # endif
| # include <string.h>
| #endif
| #ifdef HAVE_STRINGS_H
| # include <strings.h>
| #endif
| #ifdef HAVE_INTTYPES_H
| # include <inttypes.h>
| #endif
| #ifdef HAVE_STDINT_H
| # include <stdint.h>
| #endif
| #ifdef HAVE_UNISTD_H
| # include <unistd.h>
| #endif
| int
| main ()
| {
| if (sizeof ((_Bool)))
| 	    return 0;
|   ;
|   return 0;
| }
configure:3659: result: yes
configure:3674: checking for stdlib.h
configure:3674: result: yes
configure:3684: checking for GNU libc compatible malloc
configure:3708: gcc -o conftest -g -O2   conftest.c -lm -ligraph  >&5
configure:3708: $? = 0
configure:3708: ./conftest
configure:3708: $? = 0
configure:3718: result: yes
configure:3742: checking for mkdir
configure:3742: gcc -o conftest -g -O2   conftest.c -lm -ligraph  >&5
configure:3742: $? = 0
configure:3742: result: yes
configure:3742: checking for sqrt
configure:3742: gcc -o conftest -g -O2   conftest.c -lm -ligraph  >&5
conftest.c:54:6: warning: incompatible redeclaration of library function 'sqrt' [-Wincompatible-library-redeclaration]
char sqrt ();
     ^
conftest.c:54:6: note: 'sqrt' is a builtin with type 'double (double)'
1 warning generated.
configure:3742: $? = 0
configure:3742: result: yes
configure:3868: creating ./config.status

## ---------------------- ##
## Running config.status. ##
## ---------------------- ##

This file was extended by graphpass config.status 0.0.1, which was
generated by GNU Autoconf 2.69.  Invocation command line was

  CONFIG_FILES    = 
  CONFIG_HEADERS  = 
  CONFIG_LINKS    = 
  CONFIG_COMMANDS = 
  $ ./config.status 

on Ryans-MacBook-Pro-5.local

config.status:848: creating Docs/latex/Makefile
config.status:848: creating Makefile
config.status:848: creating config.h
configure:5078: checking for a BSD-compatible install
configure:5146: result: /usr/local/bin/ginstall -c
configure:5157: checking whether build environment is sane
configure:5212: result: yes
configure:5360: checking for a thread-safe mkdir -p
configure:5399: result: /usr/local/bin/gmkdir -p
configure:5406: checking for gawk
configure:5436: result: no
configure:5406: checking for mawk
configure:5436: result: no
configure:5406: checking for nawk
configure:5436: result: no
configure:5406: checking for awk
configure:5422: found /usr/bin/awk
configure:5433: result: awk
configure:5444: checking whether make sets $(MAKE)
configure:5466: result: yes
configure:5496: checking for style of include used by make
configure:5524: result: GNU
configure:5558: checking whether make supports nested variables
configure:5575: result: yes
configure:5661: checking dependency style of gcc
configure:5772: result: gcc3

## ---------------- ##
## Cache variables. ##
## ---------------- ##

ac_cv_c_compiler_gnu=yes
ac_cv_env_CC_set=
ac_cv_env_CC_value=
ac_cv_env_CFLAGS_set=
ac_cv_env_CFLAGS_value=
ac_cv_env_CPPFLAGS_set=
ac_cv_env_CPPFLAGS_value=
ac_cv_env_CPP_set=
ac_cv_env_CPP_value=
ac_cv_env_LDFLAGS_set=
ac_cv_env_LDFLAGS_value=
ac_cv_env_LIBS_set=
ac_cv_env_LIBS_value=
ac_cv_env_build_alias_set=
ac_cv_env_build_alias_value=
ac_cv_env_host_alias_set=
ac_cv_env_host_alias_value=
ac_cv_env_target_alias_set=
ac_cv_env_target_alias_value=
ac_cv_func_malloc_0_nonnull=yes
ac_cv_func_mkdir=yes
ac_cv_func_sqrt=yes
ac_cv_header_inttypes_h=yes
ac_cv_header_limits_h=yes
ac_cv_header_memory_h=yes
ac_cv_header_stdbool_h=yes
ac_cv_header_stdc=yes
ac_cv_header_stddef_h=yes
ac_cv_header_stdint_h=yes
ac_cv_header_stdlib_h=yes
ac_cv_header_string_h=yes
ac_cv_header_strings_h=yes
ac_cv_header_sys_stat_h=yes
ac_cv_header_sys_types_h=yes
ac_cv_header_unistd_h=yes
ac_cv_lib_igraph_igraph_hub_score=yes
ac_cv_lib_m_main=yes
ac_cv_objext=o
ac_cv_path_EGREP='/usr/bin/grep -E'
ac_cv_path_GREP=/usr/bin/grep
ac_cv_path_install='/usr/local/bin/ginstall -c'
ac_cv_path_mkdir=/usr/local/bin/gmkdir
ac_cv_prog_AWK=awk
ac_cv_prog_CPP='gcc -E'
ac_cv_prog_ac_ct_CC=gcc
ac_cv_prog_cc_c89=
ac_cv_prog_cc_g=yes
ac_cv_prog_make_make_set=yes
ac_cv_type__Bool=yes
am_cv_CC_dependencies_compiler_type=gcc3
am_cv_make_support_nested_variables=yes
am_cv_prog_cc_c_o=yes

## ----------------- ##
## Output variables. ##
## ----------------- ##

ACLOCAL='${SHELL} /Users/ryandeschamps/graphpass/missing aclocal-1.15'
AMDEPBACKSLASH='\'
AMDEP_FALSE='#'
AMDEP_TRUE=''
AMTAR='$${TAR-tar}'
AM_BACKSLASH='\'
AM_DEFAULT_V='$(AM_DEFAULT_VERBOSITY)'
AM_DEFAULT_VERBOSITY='1'
AM_V='$(V)'
AUTOCONF='${SHELL} /Users/ryandeschamps/graphpass/missing autoconf'
AUTOHEADER='${SHELL} /Users/ryandeschamps/graphpass/missing autoheader'
AUTOMAKE='${SHELL} /Users/ryandeschamps/graphpass/missing automake-1.15'
AWK='awk'
CC='gcc'
CCDEPMODE='depmode=gcc3'
CFLAGS='-g -O2'
CPP='gcc -E'
CPPFLAGS=''
CYGPATH_W='echo'
DEFS='-DHAVE_CONFIG_H'
DEPDIR='.deps'
ECHO_C='\c'
ECHO_N=''
ECHO_T=''
EGREP='/usr/bin/grep -E'
EXEEXT=''
GREP='/usr/bin/grep'
INSTALL_DATA='${INSTALL} -m 644'
INSTALL_PROGRAM='${INSTALL}'
INSTALL_SCRIPT='${INSTALL}'
INSTALL_STRIP_PROGRAM='$(install_sh) -c -s'
LDFLAGS=''
LIBOBJS=''
LIBS='-lm -ligraph '
LTLIBOBJS=''
MAKEINFO='${SHELL} /Users/ryandeschamps/graphpass/missing makeinfo'
MKDIR_P='/usr/local/bin/gmkdir -p'
OBJEXT='o'
PACKAGE='graphpass'
PACKAGE_BUGREPORT='ryan.deschamps@gmail.com'
PACKAGE_NAME='graphpass'
PACKAGE_STRING='graphpass 0.0.1'
PACKAGE_TARNAME='graphpass'
PACKAGE_URL=''
PACKAGE_VERSION='0.0.1'
PATH_SEPARATOR=':'
SET_MAKE=''
SHELL='/bin/sh'
STRIP=''
VERSION='0.0.1'
ac_ct_CC='gcc'
am__fastdepCC_FALSE='#'
am__fastdepCC_TRUE=''
am__include='include'
am__isrc=''
am__leading_dot='.'
am__nodep='_no'
am__quote=''
am__tar='$${TAR-tar} chof - "$$tardir"'
am__untar='$${TAR-tar} xf -'
bindir='${exec_prefix}/bin'
build_alias=''
datadir='${datarootdir}'
datarootdir='${prefix}/share'
docdir='${datarootdir}/doc/${PACKAGE_TARNAME}'
dvidir='${docdir}'
exec_prefix='${prefix}'
host_alias=''
htmldir='${docdir}'
includedir='${prefix}/include'
infodir='${datarootdir}/info'
install_sh='${SHELL} /Users/ryandeschamps/graphpass/install-sh'
libdir='${exec_prefix}/lib'
libexecdir='${exec_prefix}/libexec'
localedir='${datarootdir}/locale'
localstatedir='${prefix}/var'
mandir='${datarootdir}/man'
mkdir_p='$(MKDIR_P)'
oldincludedir='/usr/include'
pdfdir='${docdir}'
prefix='/usr/local'
program_transform_name='s,x,x,'
psdir='${docdir}'
sbindir='${exec_prefix}/sbin'
sharedstatedir='${prefix}/com'
sysconfdir='${prefix}/etc'
target_alias=''

## ----------- ##
## confdefs.h. ##
## ----------- ##

/* confdefs.h */
#define PACKAGE_NAME "graphpass"
#define PACKAGE_TARNAME "graphpass"
#define PACKAGE_VERSION "0.0.1"
#define PACKAGE_STRING "graphpass 0.0.1"
#define PACKAGE_BUGREPORT "ryan.deschamps@gmail.com"
#define PACKAGE_URL ""
#define HAVE_LIBIGRAPH 1
#define HAVE_LIBM 1
#define STDC_HEADERS 1
#define HAVE_SYS_TYPES_H 1
#define HAVE_SYS_STAT_H 1
#define HAVE_STDLIB_H 1
#define HAVE_STRING_H 1
#define HAVE_MEMORY_H 1
#define HAVE_STRINGS_H 1
#define HAVE_INTTYPES_H 1
#define HAVE_STDINT_H 1
#define HAVE_UNISTD_H 1
#define HAVE_LIMITS_H 1
#define HAVE_STDDEF_H 1
#define HAVE_STDINT_H 1
#define HAVE_STDLIB_H 1
#define HAVE_STRING_H 1
#define HAVE_UNISTD_H 1
#define HAVE__BOOL 1
#define HAVE_STDLIB_H 1
#define HAVE_MALLOC 1
#define HAVE_MKDIR 1
#define HAVE_SQRT 1
#define PACKAGE "graphpass"
#define VERSION "0.0.1"

configure: exit 0
